<?xml version="1.0" encoding="utf-8"?><testsuites><testsuite name="pytest" errors="0" failures="0" skipped="0" tests="35" time="7.538" timestamp="2026-07-29T17:35:11.142219+08:00" hostname="lj"><testcase classname="tests.test_full_synthetic_protocol_assets_runner" name="test_six_conditions_are_exact_and_only_five_are_new" time="0.000" /><testcase classname="tests.test_full_synthetic_protocol_assets_runner" name="test_protocol_freezes_rank_systematic_candidate_and_statistical_contracts" time="0.002" /><testcase classname="tests.test_full_synthetic_protocol_assets_runner" name="test_new_and_combined_plan_counts_are_exact" time="0.062" /><testcase classname="tests.test_full_synthetic_protocol_assets_runner" name="test_each_condition_has_210_snapshots_and_each_snapshot_is_shared" time="0.003" /><testcase classname="tests.test_full_synthetic_protocol_assets_runner" name="test_phase_b_overlap_retains_all_published_snapshot_and_trial_ids" time="0.200" /><testcase classname="tests.test_full_synthetic_protocol_assets_runner" name="test_phase_a_ideal_import_is_read_only_and_complete" time="0.366" /><testcase classname="tests.test_full_synthetic_protocol_assets_runner" name="test_generator_uses_both_development_measurement_seeds_without_confirmatory" time="0.922" /><testcase classname="tests.test_full_synthetic_protocol_assets_runner" name="test_snapshot_atomic_write_and_strict_reader" time="2.658" /><testcase classname="tests.test_full_synthetic_protocol_assets_runner" name="test_fsync_directory_opens_exactly_one_descriptor" time="0.002" /><testcase classname="tests.test_full_synthetic_protocol_assets_runner" name="test_trial_bridge_supports_exactly_five_new_conditions" time="0.002" /><testcase classname="tests.test_full_synthetic_protocol_assets_runner" name="test_dry_run_is_1050_2100_and_zero_execution" time="0.543" /><testcase classname="tests.test_full_synthetic_protocol_assets_runner" name="test_unauthorized_manifest_has_no_future_gate_report_cycle" time="0.002" /><testcase classname="tests.test_full_synthetic_protocol_assets_runner" name="test_authorization_rejects_forged_gate_report" time="0.173" /><testcase classname="tests.test_full_synthetic_diagnostics_models" name="test_pca_normals_use_fixed_k50_and_are_unoriented_planar_normals" time="0.002" /><testcase classname="tests.test_full_synthetic_diagnostics_models" name="test_common_nearest_neighbor_distance_limit_is_inclusive_050_m" time="0.000" /><testcase classname="tests.test_full_synthetic_diagnostics_models" name="test_correspondence_and_accepted_source_turnover_are_jaccard" time="0.000" /><testcase classname="tests.test_full_synthetic_diagnostics_models" name="test_snapshot_context_caches_reference_metrics_for_both_backend_estimates" time="0.003" /><testcase classname="tests.test_full_synthetic_diagnostics_models" name="test_final_pose_is_rematched_and_no_final_correspondence_is_retained_as_invalid" time="0.002" /><testcase classname="tests.test_full_synthetic_diagnostics_models" name="test_insufficient_pca_neighbors_produces_explicit_invalid_reason" time="0.000" /><testcase classname="tests.test_full_synthetic_diagnostics_models" name="test_systematic_offset_covariance_uses_ddof1_and_direction_concentration" time="0.000" /><testcase classname="tests.test_full_synthetic_diagnostics_models" name="test_systematic_fraction_zero_denominator_and_zero_vectors_are_null" time="0.000" /><testcase classname="tests.test_full_synthetic_diagnostics_models" name="test_hierarchical_bootstrap_contract_is_exact_and_deterministic" time="0.107" /><testcase classname="tests.test_full_synthetic_diagnostics_models" name="test_development_descriptive_paired_and_spearman_statistics" time="0.429" /><testcase classname="tests.test_full_synthetic_diagnostics_models" name="test_geometry_seed_cv_uses_three_folds_train_only_scaler_and_fixed_ridge" time="0.012" /><testcase classname="tests.test_full_synthetic_diagnostics_models" name="test_automatic_candidate_rules_and_status_cannot_self_validate" time="0.000" /><testcase classname="tests.test_full_synthetic_analysis_publication" name="test_rotation_vector_contract_projects_relative_so3_and_matches_independent" time="0.001" /><testcase classname="tests.test_full_synthetic_analysis_publication" name="test_systematic_summary_requires_exactly_ten_successes_and_ddof_one" time="0.001" /><testcase classname="tests.test_full_synthetic_analysis_publication" name="test_hierarchical_bootstrap_preserves_inner_blocks_and_paired_contrast_definition" time="0.002" /><testcase classname="tests.test_full_synthetic_analysis_publication" name="test_primary_scene_gate_uses_registered_24_of_30_wins_without_private_intersection_gate" time="0.000" /><testcase classname="tests.test_full_synthetic_analysis_publication" name="test_full_projection_matches_independent_with_hierarchical_cross_backend_intervals" time="0.425" /><testcase classname="tests.test_full_synthetic_analysis_publication" name="test_independent_systematic_ridge_and_candidate_formulas_match_primary_projection" time="0.220" /><testcase classname="tests.test_full_synthetic_analysis_publication" name="test_common_builder_rejects_lock_sha_and_trial_input_checksum_mismatch" time="0.002" /><testcase classname="tests.test_full_synthetic_analysis_publication" name="test_independent_common_recomputation_rejects_metric_tamper_even_when_cache_is_resigned" time="0.001" /><testcase classname="tests.test_full_synthetic_analysis_publication" name="test_publication_decision_preserves_source_decisions_and_fails_closed_on_difference" time="0.000" /><testcase classname="tests.test_full_synthetic_analysis_publication" name="test_artifact_verifier_recomputes_projection_rejects_extra_and_checksum_tamper" time="0.756" /></testsuite></testsuites>