<?xml version="1.0" encoding="utf-8"?><testsuites><testsuite name="pytest" errors="0" failures="0" skipped="0" tests="65" time="2.133" timestamp="2026-07-29T17:35:02.278647+08:00" hostname="lj"><testcase classname="tests.test_minimal_harness" name="test_01_manifest_payload" time="0.000" /><testcase classname="tests.test_minimal_harness" name="test_02_source_export_sha_identity" time="0.000" /><testcase classname="tests.test_minimal_harness" name="test_03_asset_equivalence" time="0.271" /><testcase classname="tests.test_minimal_harness" name="test_04_snapshot_count" time="0.000" /><testcase classname="tests.test_minimal_harness" name="test_05_snapshot_lock_sha" time="0.000" /><testcase classname="tests.test_minimal_harness" name="test_06_planned_snapshot_ids_unique" time="0.000" /><testcase classname="tests.test_minimal_harness" name="test_07_planned_trial_ids_unique" time="0.001" /><testcase classname="tests.test_minimal_harness" name="test_08_backend_counts" time="0.001" /><testcase classname="tests.test_minimal_harness" name="test_09_native_trial_count_zero" time="0.001" /><testcase classname="tests.test_minimal_harness" name="test_10_condition_ideal_matched_only" time="0.001" /><testcase classname="tests.test_minimal_harness" name="test_11_cache_dtype" time="0.002" /><testcase classname="tests.test_minimal_harness" name="test_12_cache_shape" time="0.001" /><testcase classname="tests.test_minimal_harness" name="test_13_cache_c_order" time="0.002" /><testcase classname="tests.test_minimal_harness" name="test_14_no_source_runtime_import" time="0.055" /><testcase classname="tests.test_minimal_harness" name="test_15_no_scene_generator" time="0.001" /><testcase classname="tests.test_minimal_harness" name="test_16_no_formal_rng_access" time="0.000" /><testcase classname="tests.test_minimal_harness" name="test_17_identity_open3d" time="0.000" /><testcase classname="tests.test_minimal_harness" name="test_18_identity_pcl" time="0.000" /><testcase classname="tests.test_minimal_harness" name="test_19_nonidentity_open3d" time="0.000" /><testcase classname="tests.test_minimal_harness" name="test_20_nonidentity_pcl" time="0.000" /><testcase classname="tests.test_minimal_harness" name="test_21_no_correspondence_open3d" time="0.001" /><testcase classname="tests.test_minimal_harness" name="test_22_no_correspondence_pcl" time="0.001" /><testcase classname="tests.test_minimal_harness" name="test_23_fixture_pairing" time="0.000" /><testcase classname="tests.test_minimal_harness" name="test_24_strict_schema_valid" time="0.001" /><testcase classname="tests.test_minimal_harness" name="test_25_strict_schema_missing_field" time="0.001" /><testcase classname="tests.test_minimal_harness" name="test_26_strict_schema_unknown_field" time="0.001" /><testcase classname="tests.test_minimal_harness" name="test_27_resume_wrong_checksum" time="0.005" /><testcase classname="tests.test_minimal_harness" name="test_28_resume_wrong_implementation" time="0.002" /><testcase classname="tests.test_minimal_harness" name="test_29_atomic_writer" time="0.002" /><testcase classname="tests.test_minimal_harness" name="test_30_resume_skips_valid_results" time="0.000" /><testcase classname="tests.test_minimal_harness" name="test_31_resume_rejects_corruption" time="0.002" /><testcase classname="tests.test_minimal_harness" name="test_32_fresh_resume_equivalence" time="0.000" /><testcase classname="tests.test_minimal_harness" name="test_33_translation_metric" time="0.001" /><testcase classname="tests.test_minimal_harness" name="test_34_rotation_metric" time="0.000" /><testcase classname="tests.test_minimal_harness" name="test_35_q95_linear" time="0.000" /><testcase classname="tests.test_minimal_harness" name="test_36_fixture_analysis_verifier" time="0.000" /><testcase classname="tests.test_minimal_harness" name="test_37_fixture_publisher" time="0.000" /><testcase classname="tests.test_minimal_harness" name="test_38_fixture_artifact_verifier" time="0.000" /><testcase classname="tests.test_minimal_harness" name="test_39_dry_run_inventory" time="0.000" /><testcase classname="tests.test_minimal_harness" name="test_40_dry_run_zero_execution" time="0.000" /><testcase classname="tests.test_phase_b_analysis" name="test_phase_b_spearman_and_scene_rank_gates_pass" time="0.002" /><testcase classname="tests.test_phase_b_analysis" name="test_phase_b_average_rank_ties_are_reported" time="0.002" /><testcase classname="tests.test_phase_b_analysis" name="test_phase_b_common_weak_scene_uses_frozen_candidate_order" time="0.000" /><testcase classname="tests.test_phase_b_analysis" name="test_phase_b_near_zero_rich_denominator_is_null_and_fails" time="0.000" /><testcase classname="tests.test_phase_b_analysis" name="test_phase_b_seed_consistency_requires_two_of_three_per_backend" time="0.000" /><testcase classname="tests.test_phase_b_analysis" name="test_phase_b_analysis_verifier_difference_is_section_count" time="0.000" /><testcase classname="tests.test_phase_b_analysis" name="test_phase_b_artifact_verifier_accepts_complete_synthetic_artifact" time="0.005" /><testcase classname="tests.test_phase_b_analysis" name="test_phase_b_artifact_verifier_detects_sha_tampering" time="0.005" /><testcase classname="tests.test_phase_b_assets_runner" name="test_phase_b_plan_is_exactly_42_snapshots_and_84_paired_trials" time="0.001" /><testcase classname="tests.test_phase_b_assets_runner" name="test_phase_b_plan_rejects_backend_or_order_change" time="0.001" /><testcase classname="tests.test_phase_b_assets_runner" name="test_phase_b_snapshot_reader_checks_dtype_raw_and_metadata" time="0.002" /><testcase classname="tests.test_phase_b_assets_runner" name="test_phase_b_snapshot_reader_rejects_changed_array_bytes" time="0.002" /><testcase classname="tests.test_phase_b_assets_runner" name="test_nonempty_partial_cache_is_never_extended_or_overwritten" time="0.003" /><testcase classname="tests.test_phase_b_assets_runner" name="test_phase_b_dry_run_reports_zero_execution_and_exact_counts" time="0.001" /><testcase classname="tests.test_phase_b_frozen_integration" name="test_phase_b_generator_export_and_seven_anchor_reproduction" time="0.002" /><testcase classname="tests.test_phase_b_frozen_integration" name="test_phase_b_protocol_and_single_manifest_are_exact" time="0.001" /><testcase classname="tests.test_phase_b_frozen_integration" name="test_phase_b_actual_snapshot_lock_inventory_and_pairing" time="1.144" /><testcase classname="tests.test_phase_b_frozen_integration" name="test_phase_b_dry_run_and_runtime_isolation_are_zero_execution" time="0.092" /><testcase classname="tests.test_phase_b_trial_bridge" name="test_phase_b_validator_preserves_frozen_26_field_contract[FULL_NOISE]" time="0.000" /><testcase classname="tests.test_phase_b_trial_bridge" name="test_phase_b_validator_preserves_frozen_26_field_contract[INDEPENDENT_NOISE_FREE]" time="0.000" /><testcase classname="tests.test_phase_b_trial_bridge" name="test_phase_b_validator_rejects_non_phase_b_condition_without_mutation" time="0.000" /><testcase classname="tests.test_phase_b_trial_bridge" name="test_phase_b_atomic_writer_uses_canonical_payload_and_refuses_overwrite" time="0.008" /><testcase classname="tests.test_phase_b_trial_bridge" name="test_phase_b_resume_validates_sha_schema_and_real_condition" time="0.002" /><testcase classname="tests.test_phase_b_trial_bridge" name="test_open3d_bridge_changes_only_temporary_condition" time="0.000" /><testcase classname="tests.test_phase_b_trial_bridge" name="test_pcl_bridge_preserves_parameters_cli_and_exposes_no_native" time="0.000" /></testsuite></testsuites>