<?xml version="1.0" encoding="utf-8"?><testsuites><testsuite name="pytest" errors="0" failures="0" skipped="0" tests="25" time="1.742" timestamp="2026-07-29T15:31:19.160358+08:00" hostname="lj"><testcase classname="tests.test_phase_b_analysis" name="test_phase_b_spearman_and_scene_rank_gates_pass" time="0.001" /><testcase classname="tests.test_phase_b_analysis" name="test_phase_b_average_rank_ties_are_reported" time="0.001" /><testcase classname="tests.test_phase_b_analysis" name="test_phase_b_common_weak_scene_uses_frozen_candidate_order" time="0.000" /><testcase classname="tests.test_phase_b_analysis" name="test_phase_b_near_zero_rich_denominator_is_null_and_fails" time="0.000" /><testcase classname="tests.test_phase_b_analysis" name="test_phase_b_seed_consistency_requires_two_of_three_per_backend" time="0.000" /><testcase classname="tests.test_phase_b_analysis" name="test_phase_b_analysis_verifier_difference_is_section_count" time="0.000" /><testcase classname="tests.test_phase_b_analysis" name="test_phase_b_artifact_verifier_accepts_complete_synthetic_artifact" time="0.005" /><testcase classname="tests.test_phase_b_analysis" name="test_phase_b_artifact_verifier_detects_sha_tampering" time="0.005" /><testcase classname="tests.test_phase_b_assets_runner" name="test_phase_b_plan_is_exactly_42_snapshots_and_84_paired_trials" time="0.001" /><testcase classname="tests.test_phase_b_assets_runner" name="test_phase_b_plan_rejects_backend_or_order_change" time="0.001" /><testcase classname="tests.test_phase_b_assets_runner" name="test_phase_b_snapshot_reader_checks_dtype_raw_and_metadata" time="0.002" /><testcase classname="tests.test_phase_b_assets_runner" name="test_phase_b_snapshot_reader_rejects_changed_array_bytes" time="0.002" /><testcase classname="tests.test_phase_b_assets_runner" name="test_nonempty_partial_cache_is_never_extended_or_overwritten" time="0.003" /><testcase classname="tests.test_phase_b_assets_runner" name="test_phase_b_dry_run_reports_zero_execution_and_exact_counts" time="0.001" /><testcase classname="tests.test_phase_b_trial_bridge" name="test_phase_b_validator_preserves_frozen_26_field_contract[FULL_NOISE]" time="0.001" /><testcase classname="tests.test_phase_b_trial_bridge" name="test_phase_b_validator_preserves_frozen_26_field_contract[INDEPENDENT_NOISE_FREE]" time="0.000" /><testcase classname="tests.test_phase_b_trial_bridge" name="test_phase_b_validator_rejects_non_phase_b_condition_without_mutation" time="0.000" /><testcase classname="tests.test_phase_b_trial_bridge" name="test_phase_b_atomic_writer_uses_canonical_payload_and_refuses_overwrite" time="0.003" /><testcase classname="tests.test_phase_b_trial_bridge" name="test_phase_b_resume_validates_sha_schema_and_real_condition" time="0.003" /><testcase classname="tests.test_phase_b_trial_bridge" name="test_open3d_bridge_changes_only_temporary_condition" time="0.001" /><testcase classname="tests.test_phase_b_trial_bridge" name="test_pcl_bridge_preserves_parameters_cli_and_exposes_no_native" time="0.001" /><testcase classname="tests.test_phase_b_frozen_integration" name="test_phase_b_generator_export_and_seven_anchor_reproduction" time="0.002" /><testcase classname="tests.test_phase_b_frozen_integration" name="test_phase_b_protocol_and_single_manifest_are_exact" time="0.001" /><testcase classname="tests.test_phase_b_frozen_integration" name="test_phase_b_actual_snapshot_lock_inventory_and_pairing" time="1.100" /><testcase classname="tests.test_phase_b_frozen_integration" name="test_phase_b_dry_run_and_runtime_isolation_are_zero_execution" time="0.089" /></testsuite></testsuites>