<?xml version="1.0" encoding="utf-8"?><testsuites><testsuite name="pytest" errors="0" failures="0" skipped="0" tests="40" time="0.412" timestamp="2026-07-29T15:31:18.397755+08:00" hostname="lj"><testcase classname="tests.test_minimal_harness" name="test_01_manifest_payload" time="0.001" /><testcase classname="tests.test_minimal_harness" name="test_02_source_export_sha_identity" time="0.001" /><testcase classname="tests.test_minimal_harness" name="test_03_asset_equivalence" time="0.262" /><testcase classname="tests.test_minimal_harness" name="test_04_snapshot_count" time="0.000" /><testcase classname="tests.test_minimal_harness" name="test_05_snapshot_lock_sha" time="0.000" /><testcase classname="tests.test_minimal_harness" name="test_06_planned_snapshot_ids_unique" time="0.000" /><testcase classname="tests.test_minimal_harness" name="test_07_planned_trial_ids_unique" time="0.001" /><testcase classname="tests.test_minimal_harness" name="test_08_backend_counts" time="0.001" /><testcase classname="tests.test_minimal_harness" name="test_09_native_trial_count_zero" time="0.001" /><testcase classname="tests.test_minimal_harness" name="test_10_condition_ideal_matched_only" time="0.001" /><testcase classname="tests.test_minimal_harness" name="test_11_cache_dtype" time="0.002" /><testcase classname="tests.test_minimal_harness" name="test_12_cache_shape" time="0.001" /><testcase classname="tests.test_minimal_harness" name="test_13_cache_c_order" time="0.001" /><testcase classname="tests.test_minimal_harness" name="test_14_no_source_runtime_import" time="0.033" /><testcase classname="tests.test_minimal_harness" name="test_15_no_scene_generator" time="0.001" /><testcase classname="tests.test_minimal_harness" name="test_16_no_formal_rng_access" time="0.000" /><testcase classname="tests.test_minimal_harness" name="test_17_identity_open3d" time="0.000" /><testcase classname="tests.test_minimal_harness" name="test_18_identity_pcl" time="0.000" /><testcase classname="tests.test_minimal_harness" name="test_19_nonidentity_open3d" time="0.000" /><testcase classname="tests.test_minimal_harness" name="test_20_nonidentity_pcl" time="0.000" /><testcase classname="tests.test_minimal_harness" name="test_21_no_correspondence_open3d" time="0.000" /><testcase classname="tests.test_minimal_harness" name="test_22_no_correspondence_pcl" time="0.000" /><testcase classname="tests.test_minimal_harness" name="test_23_fixture_pairing" time="0.000" /><testcase classname="tests.test_minimal_harness" name="test_24_strict_schema_valid" time="0.001" /><testcase classname="tests.test_minimal_harness" name="test_25_strict_schema_missing_field" time="0.000" /><testcase classname="tests.test_minimal_harness" name="test_26_strict_schema_unknown_field" time="0.000" /><testcase classname="tests.test_minimal_harness" name="test_27_resume_wrong_checksum" time="0.004" /><testcase classname="tests.test_minimal_harness" name="test_28_resume_wrong_implementation" time="0.002" /><testcase classname="tests.test_minimal_harness" name="test_29_atomic_writer" time="0.001" /><testcase classname="tests.test_minimal_harness" name="test_30_resume_skips_valid_results" time="0.000" /><testcase classname="tests.test_minimal_harness" name="test_31_resume_rejects_corruption" time="0.002" /><testcase classname="tests.test_minimal_harness" name="test_32_fresh_resume_equivalence" time="0.000" /><testcase classname="tests.test_minimal_harness" name="test_33_translation_metric" time="0.001" /><testcase classname="tests.test_minimal_harness" name="test_34_rotation_metric" time="0.000" /><testcase classname="tests.test_minimal_harness" name="test_35_q95_linear" time="0.000" /><testcase classname="tests.test_minimal_harness" name="test_36_fixture_analysis_verifier" time="0.000" /><testcase classname="tests.test_minimal_harness" name="test_37_fixture_publisher" time="0.000" /><testcase classname="tests.test_minimal_harness" name="test_38_fixture_artifact_verifier" time="0.000" /><testcase classname="tests.test_minimal_harness" name="test_39_dry_run_inventory" time="0.000" /><testcase classname="tests.test_minimal_harness" name="test_40_dry_run_zero_execution" time="0.000" /></testsuite></testsuites>